

Started GET "/" for ::1 at 2017-01-06 15:10:42 +0900
Processing by Rails::WelcomeController#index as HTML
  Rendered /Users/honda-takatomo/.rbenv/versions/2.2.5/lib/ruby/gems/2.2.0/gems/railties-4.2.1/lib/rails/templates/rails/welcome/index.html.erb (3.5ms)
Completed 200 OK in 48ms (Views: 20.7ms | ActiveRecord: 0.0ms)


Started GET "/" for ::1 at 2017-01-06 15:11:04 +0900
Processing by Rails::WelcomeController#index as HTML
  Rendered /Users/honda-takatomo/.rbenv/versions/2.2.5/lib/ruby/gems/2.2.0/gems/railties-4.2.1/lib/rails/templates/rails/welcome/index.html.erb (1.6ms)
Completed 200 OK in 15ms (Views: 7.3ms | ActiveRecord: 0.0ms)


Started GET "/" for ::1 at 2017-01-06 15:11:06 +0900
Processing by Rails::WelcomeController#index as HTML
  Rendered /Users/honda-takatomo/.rbenv/versions/2.2.5/lib/ruby/gems/2.2.0/gems/railties-4.2.1/lib/rails/templates/rails/welcome/index.html.erb (0.0ms)
Completed 200 OK in 3ms (Views: 2.1ms | ActiveRecord: 0.0ms)


Started GET "/" for ::1 at 2017-01-06 15:13:27 +0900

ActionController::RoutingError (uninitialized constant WelcomeController):
  activesupport (4.2.1) lib/active_support/inflector/methods.rb:261:in `const_get'
  activesupport (4.2.1) lib/active_support/inflector/methods.rb:261:in `block in constantize'
  activesupport (4.2.1) lib/active_support/inflector/methods.rb:259:in `each'
  activesupport (4.2.1) lib/active_support/inflector/methods.rb:259:in `inject'
  activesupport (4.2.1) lib/active_support/inflector/methods.rb:259:in `constantize'
  actionpack (4.2.1) lib/action_dispatch/routing/route_set.rb:70:in `controller_reference'
  actionpack (4.2.1) lib/action_dispatch/routing/route_set.rb:60:in `controller'
  actionpack (4.2.1) lib/action_dispatch/routing/route_set.rb:39:in `serve'
  actionpack (4.2.1) lib/action_dispatch/journey/router.rb:43:in `block in serve'
  actionpack (4.2.1) lib/action_dispatch/journey/router.rb:30:in `each'
  actionpack (4.2.1) lib/action_dispatch/journey/router.rb:30:in `serve'
  actionpack (4.2.1) lib/action_dispatch/routing/route_set.rb:819:in `call'
  rack (1.6.5) lib/rack/etag.rb:24:in `call'
  rack (1.6.5) lib/rack/conditionalget.rb:25:in `call'
  rack (1.6.5) lib/rack/head.rb:13:in `call'
  actionpack (4.2.1) lib/action_dispatch/middleware/params_parser.rb:27:in `call'
  actionpack (4.2.1) lib/action_dispatch/middleware/flash.rb:260:in `call'
  rack (1.6.5) lib/rack/session/abstract/id.rb:225:in `context'
  rack (1.6.5) lib/rack/session/abstract/id.rb:220:in `call'
  actionpack (4.2.1) lib/action_dispatch/middleware/cookies.rb:560:in `call'
  activerecord (4.2.1) lib/active_record/query_cache.rb:36:in `call'
  activerecord (4.2.1) lib/active_record/connection_adapters/abstract/connection_pool.rb:649:in `call'
  activerecord (4.2.1) lib/active_record/migration.rb:378:in `call'
  actionpack (4.2.1) lib/action_dispatch/middleware/callbacks.rb:29:in `block in call'
  activesupport (4.2.1) lib/active_support/callbacks.rb:88:in `call'
  activesupport (4.2.1) lib/active_support/callbacks.rb:88:in `_run_callbacks'
  activesupport (4.2.1) lib/active_support/callbacks.rb:776:in `_run_call_callbacks'
  activesupport (4.2.1) lib/active_support/callbacks.rb:81:in `run_callbacks'
  actionpack (4.2.1) lib/action_dispatch/middleware/callbacks.rb:27:in `call'
  actionpack (4.2.1) lib/action_dispatch/middleware/reloader.rb:73:in `call'
  actionpack (4.2.1) lib/action_dispatch/middleware/remote_ip.rb:78:in `call'
  actionpack (4.2.1) lib/action_dispatch/middleware/debug_exceptions.rb:17:in `call'
  web-console (2.3.0) lib/web_console/middleware.rb:28:in `block in call'
  web-console (2.3.0) lib/web_console/middleware.rb:18:in `catch'
  web-console (2.3.0) lib/web_console/middleware.rb:18:in `call'
  actionpack (4.2.1) lib/action_dispatch/middleware/show_exceptions.rb:30:in `call'
  railties (4.2.1) lib/rails/rack/logger.rb:38:in `call_app'
  railties (4.2.1) lib/rails/rack/logger.rb:20:in `block in call'
  activesupport (4.2.1) lib/active_support/tagged_logging.rb:68:in `block in tagged'
  activesupport (4.2.1) lib/active_support/tagged_logging.rb:26:in `tagged'
  activesupport (4.2.1) lib/active_support/tagged_logging.rb:68:in `tagged'
  railties (4.2.1) lib/rails/rack/logger.rb:20:in `call'
  actionpack (4.2.1) lib/action_dispatch/middleware/request_id.rb:21:in `call'
  rack (1.6.5) lib/rack/methodoverride.rb:22:in `call'
  rack (1.6.5) lib/rack/runtime.rb:18:in `call'
  activesupport (4.2.1) lib/active_support/cache/strategy/local_cache_middleware.rb:28:in `call'
  rack (1.6.5) lib/rack/lock.rb:17:in `call'
  actionpack (4.2.1) lib/action_dispatch/middleware/static.rb:113:in `call'
  rack (1.6.5) lib/rack/sendfile.rb:113:in `call'
  railties (4.2.1) lib/rails/engine.rb:518:in `call'
  railties (4.2.1) lib/rails/application.rb:164:in `call'
  rack (1.6.5) lib/rack/lock.rb:17:in `call'
  rack (1.6.5) lib/rack/content_length.rb:15:in `call'
  rack (1.6.5) lib/rack/handler/webrick.rb:88:in `service'
  /Users/honda-takatomo/.rbenv/versions/2.2.5/lib/ruby/2.2.0/webrick/httpserver.rb:138:in `service'
  /Users/honda-takatomo/.rbenv/versions/2.2.5/lib/ruby/2.2.0/webrick/httpserver.rb:94:in `run'
  /Users/honda-takatomo/.rbenv/versions/2.2.5/lib/ruby/2.2.0/webrick/server.rb:294:in `block in start_thread'


  Rendered /Users/honda-takatomo/.rbenv/versions/2.2.5/lib/ruby/gems/2.2.0/gems/actionpack-4.2.1/lib/action_dispatch/middleware/templates/rescues/_trace.html.erb (1.6ms)
  Rendered /Users/honda-takatomo/.rbenv/versions/2.2.5/lib/ruby/gems/2.2.0/gems/actionpack-4.2.1/lib/action_dispatch/middleware/templates/routes/_route.html.erb (0.6ms)
  Rendered /Users/honda-takatomo/.rbenv/versions/2.2.5/lib/ruby/gems/2.2.0/gems/actionpack-4.2.1/lib/action_dispatch/middleware/templates/routes/_table.html.erb (10.8ms)
  Rendered /Users/honda-takatomo/.rbenv/versions/2.2.5/lib/ruby/gems/2.2.0/gems/actionpack-4.2.1/lib/action_dispatch/middleware/templates/rescues/_request_and_response.html.erb (9.6ms)
  Rendered /Users/honda-takatomo/.rbenv/versions/2.2.5/lib/ruby/gems/2.2.0/gems/actionpack-4.2.1/lib/action_dispatch/middleware/templates/rescues/routing_error.html.erb within rescues/layout (119.6ms)
  Rendered /Users/honda-takatomo/.rbenv/versions/2.2.5/lib/ruby/gems/2.2.0/gems/web-console-2.3.0/lib/web_console/templates/_markup.html.erb (0.5ms)
  Rendered /Users/honda-takatomo/.rbenv/versions/2.2.5/lib/ruby/gems/2.2.0/gems/web-console-2.3.0/lib/web_console/templates/_inner_console_markup.html.erb within layouts/inlined_string (0.3ms)
  Rendered /Users/honda-takatomo/.rbenv/versions/2.2.5/lib/ruby/gems/2.2.0/gems/web-console-2.3.0/lib/web_console/templates/_prompt_box_markup.html.erb within layouts/inlined_string (0.3ms)
  Rendered /Users/honda-takatomo/.rbenv/versions/2.2.5/lib/ruby/gems/2.2.0/gems/web-console-2.3.0/lib/web_console/templates/style.css.erb within layouts/inlined_string (0.8ms)
  Rendered /Users/honda-takatomo/.rbenv/versions/2.2.5/lib/ruby/gems/2.2.0/gems/web-console-2.3.0/lib/web_console/templates/console.js.erb within layouts/javascript (77.5ms)
  Rendered /Users/honda-takatomo/.rbenv/versions/2.2.5/lib/ruby/gems/2.2.0/gems/web-console-2.3.0/lib/web_console/templates/main.js.erb within layouts/javascript (0.6ms)
  Rendered /Users/honda-takatomo/.rbenv/versions/2.2.5/lib/ruby/gems/2.2.0/gems/web-console-2.3.0/lib/web_console/templates/error_page.js.erb within layouts/javascript (0.4ms)
  Rendered /Users/honda-takatomo/.rbenv/versions/2.2.5/lib/ruby/gems/2.2.0/gems/web-console-2.3.0/lib/web_console/templates/index.html.erb (168.6ms)


Started GET "/" for ::1 at 2017-01-06 15:14:51 +0900
Processing by WelcomeController#index as HTML
  Rendered welcome/index.html.erb within layouts/application (1.5ms)
Completed 500 Internal Server Error in 629ms (ActiveRecord: 0.0ms)

ActionView::Template::Error (ndenv: node: command not found

The `node' command exists in these Node versions:
  v4.4.5
  v6.9.1

):
    2: <html>
    3: <head>
    4:   <title>OauthApiServer</title>
    5:   <%= stylesheet_link_tag    'application', media: 'all', 'data-turbolinks-track' => true %>
    6:   <%= javascript_include_tag 'application', 'data-turbolinks-track' => true %>
    7:   <%= csrf_meta_tags %>
    8: </head>
  app/views/layouts/application.html.erb:5:in `_app_views_layouts_application_html_erb__3128678568653139400_70245670881400'


  Rendered /Users/honda-takatomo/.rbenv/versions/2.2.5/lib/ruby/gems/2.2.0/gems/actionpack-4.2.1/lib/action_dispatch/middleware/templates/rescues/_source.erb (7.8ms)
  Rendered /Users/honda-takatomo/.rbenv/versions/2.2.5/lib/ruby/gems/2.2.0/gems/actionpack-4.2.1/lib/action_dispatch/middleware/templates/rescues/_trace.html.erb (4.1ms)
  Rendered /Users/honda-takatomo/.rbenv/versions/2.2.5/lib/ruby/gems/2.2.0/gems/actionpack-4.2.1/lib/action_dispatch/middleware/templates/rescues/_request_and_response.html.erb (0.8ms)
  Rendered /Users/honda-takatomo/.rbenv/versions/2.2.5/lib/ruby/gems/2.2.0/gems/actionpack-4.2.1/lib/action_dispatch/middleware/templates/rescues/template_error.html.erb within rescues/layout (74.5ms)
  Rendered /Users/honda-takatomo/.rbenv/versions/2.2.5/lib/ruby/gems/2.2.0/gems/web-console-2.3.0/lib/web_console/templates/_markup.html.erb (0.4ms)
  Rendered /Users/honda-takatomo/.rbenv/versions/2.2.5/lib/ruby/gems/2.2.0/gems/web-console-2.3.0/lib/web_console/templates/_inner_console_markup.html.erb within layouts/inlined_string (0.4ms)
  Rendered /Users/honda-takatomo/.rbenv/versions/2.2.5/lib/ruby/gems/2.2.0/gems/web-console-2.3.0/lib/web_console/templates/_prompt_box_markup.html.erb within layouts/inlined_string (0.4ms)
  Rendered /Users/honda-takatomo/.rbenv/versions/2.2.5/lib/ruby/gems/2.2.0/gems/web-console-2.3.0/lib/web_console/templates/style.css.erb within layouts/inlined_string (0.4ms)
  Rendered /Users/honda-takatomo/.rbenv/versions/2.2.5/lib/ruby/gems/2.2.0/gems/web-console-2.3.0/lib/web_console/templates/console.js.erb within layouts/javascript (63.8ms)
  Rendered /Users/honda-takatomo/.rbenv/versions/2.2.5/lib/ruby/gems/2.2.0/gems/web-console-2.3.0/lib/web_console/templates/main.js.erb within layouts/javascript (0.3ms)
  Rendered /Users/honda-takatomo/.rbenv/versions/2.2.5/lib/ruby/gems/2.2.0/gems/web-console-2.3.0/lib/web_console/templates/error_page.js.erb within layouts/javascript (0.3ms)
  Rendered /Users/honda-takatomo/.rbenv/versions/2.2.5/lib/ruby/gems/2.2.0/gems/web-console-2.3.0/lib/web_console/templates/index.html.erb (138.6ms)


Started GET "/" for ::1 at 2017-01-06 15:15:25 +0900
Processing by WelcomeController#index as HTML
  Rendered welcome/index.html.erb within layouts/application (1.1ms)
Completed 200 OK in 774ms (Views: 764.8ms | ActiveRecord: 0.0ms)


Started GET "/assets/welcome.self-e3b0c44298fc1c149afbf4c8996fb92427ae41e4649b934ca495991b7852b855.css?body=1" for ::1 at 2017-01-06 15:15:26 +0900


Started GET "/assets/application.self-e80e8f2318043e8af94dddc2adad5a4f09739a8ebb323b3ab31cd71d45fd9113.css?body=1" for ::1 at 2017-01-06 15:15:26 +0900


Started GET "/assets/jquery.self-bd7ddd393353a8d2480a622e80342adf488fb6006d667e8b42e4c0073393abee.js?body=1" for ::1 at 2017-01-06 15:15:26 +0900


Started GET "/assets/jquery_ujs.self-784a997f6726036b1993eb2217c9cb558e1cbb801c6da88105588c56f13b466a.js?body=1" for ::1 at 2017-01-06 15:15:26 +0900


Started GET "/assets/turbolinks.self-c5acd7a204f5f25ce7a1d8a0e4d92e28d34c9e2df2c7371cd7af88e147e4ad82.js?body=1" for ::1 at 2017-01-06 15:15:26 +0900


Started GET "/assets/welcome.self-877aef30ae1b040ab8a3aba4e3e309a11d7f2612f44dde450b5c157aa5f95c05.js?body=1" for ::1 at 2017-01-06 15:15:26 +0900


Started GET "/assets/application.self-3b8dabdc891efe46b9a144b400ad69e37d7e5876bdc39dee783419a69d7ca819.js?body=1" for ::1 at 2017-01-06 15:15:26 +0900
DEPRECATION WARNING: ActiveRecord::Base.raise_in_transactional_callbacks= is deprecated, has no effect and will be removed without replacement. (called from block (3 levels) in <class:Railtie> at /Users/honda-takatomo/.rbenv/versions/2.2.5/lib/ruby/gems/2.2.0/gems/activerecord-5.0.1/lib/active_record/railtie.rb:113)
DEPRECATION WARNING: ActiveRecord::Base.raise_in_transactional_callbacks= is deprecated, has no effect and will be removed without replacement. (called from block (3 levels) in <class:Railtie> at /Users/honda-takatomo/.rbenv/versions/2.2.5/lib/ruby/gems/2.2.0/gems/activerecord-5.0.1/lib/active_record/railtie.rb:113)
DEPRECATION WARNING: ActiveRecord::Base.raise_in_transactional_callbacks= is deprecated, has no effect and will be removed without replacement. (called from block (3 levels) in <class:Railtie> at /Users/honda-takatomo/.rbenv/versions/2.2.5/lib/ruby/gems/2.2.0/gems/activerecord-5.0.1/lib/active_record/railtie.rb:113)
DEPRECATION WARNING: ActiveRecord::Base.raise_in_transactional_callbacks= is deprecated, has no effect and will be removed without replacement. (called from <top (required)> at /Users/honda-takatomo/private/oauth-api-server/app/models/application_record.rb:1)
  [1m[35m (1.1ms)[0m  [1m[35mCREATE TABLE "schema_migrations" ("version" varchar NOT NULL PRIMARY KEY)[0m
  [1m[35m (0.9ms)[0m  [1m[35mCREATE TABLE "ar_internal_metadata" ("key" varchar NOT NULL PRIMARY KEY, "value" varchar, "created_at" datetime NOT NULL, "updated_at" datetime NOT NULL)[0m
  [1m[36mActiveRecord::SchemaMigration Load (0.1ms)[0m  [1m[34mSELECT "schema_migrations".* FROM "schema_migrations"[0m
Migrating to DeviseCreateUsers (20170106062614)
  [1m[35m (0.1ms)[0m  [1m[36mbegin transaction[0m
  [1m[35m (0.5ms)[0m  [1m[35mCREATE TABLE "users" ("id" INTEGER PRIMARY KEY AUTOINCREMENT NOT NULL, "email" varchar DEFAULT '' NOT NULL, "encrypted_password" varchar DEFAULT '' NOT NULL, "reset_password_token" varchar, "reset_password_sent_at" datetime, "remember_created_at" datetime, "sign_in_count" integer DEFAULT 0 NOT NULL, "current_sign_in_at" datetime, "last_sign_in_at" datetime, "current_sign_in_ip" varchar, "last_sign_in_ip" varchar, "created_at" datetime NOT NULL, "updated_at" datetime NOT NULL)[0m
  [1m[35m (0.1ms)[0m  [1m[34mselect sqlite_version(*)[0m
  [1m[35m (0.7ms)[0m  [1m[35mCREATE UNIQUE INDEX "index_users_on_email" ON "users" ("email")[0m
  [1m[35m (0.0ms)[0m  [1m[34m            SELECT sql
            FROM sqlite_master
            WHERE name='index_users_on_email' AND type='index'
            UNION ALL
            SELECT sql
            FROM sqlite_temp_master
            WHERE name='index_users_on_email' AND type='index'
[0m
  [1m[35m (0.1ms)[0m  [1m[35mCREATE UNIQUE INDEX "index_users_on_reset_password_token" ON "users" ("reset_password_token")[0m
  [1m[35mSQL (0.2ms)[0m  [1m[32mINSERT INTO "schema_migrations" ("version") VALUES (?)[0m  [["version", "20170106062614"]]
  [1m[35m (1.4ms)[0m  [1m[36mcommit transaction[0m
  [1m[36mActiveRecord::InternalMetadata Load (0.2ms)[0m  [1m[34mSELECT  "ar_internal_metadata".* FROM "ar_internal_metadata" WHERE "ar_internal_metadata"."key" = ? LIMIT ?[0m  [["key", :environment], ["LIMIT", 1]]
  [1m[35m (0.1ms)[0m  [1m[36mbegin transaction[0m
  [1m[35mSQL (0.4ms)[0m  [1m[32mINSERT INTO "ar_internal_metadata" ("key", "value", "created_at", "updated_at") VALUES (?, ?, ?, ?)[0m  [["key", "environment"], ["value", "development"], ["created_at", 2017-01-06 06:26:46 UTC], ["updated_at", 2017-01-06 06:26:46 UTC]]
  [1m[35m (0.6ms)[0m  [1m[36mcommit transaction[0m
  [1m[36mActiveRecord::SchemaMigration Load (0.1ms)[0m  [1m[34mSELECT "schema_migrations".* FROM "schema_migrations"[0m
  [1m[35m (0.1ms)[0m  [1m[34m            SELECT sql
            FROM sqlite_master
            WHERE name='index_users_on_reset_password_token' AND type='index'
            UNION ALL
            SELECT sql
            FROM sqlite_temp_master
            WHERE name='index_users_on_reset_password_token' AND type='index'
[0m
  [1m[35m (0.1ms)[0m  [1m[34m            SELECT sql
            FROM sqlite_master
            WHERE name='index_users_on_email' AND type='index'
            UNION ALL
            SELECT sql
            FROM sqlite_temp_master
            WHERE name='index_users_on_email' AND type='index'
[0m
DEPRECATION WARNING: ActiveRecord::Base.raise_in_transactional_callbacks= is deprecated, has no effect and will be removed without replacement. (called from <top (required)> at /Users/honda-takatomo/private/oauth-api-server/app/models/application_record.rb:1)
Started GET "/" for ::1 at 2017-01-06 15:28:16 +0900
  [1m[36mActiveRecord::SchemaMigration Load (0.4ms)[0m  [1m[34mSELECT "schema_migrations".* FROM "schema_migrations"[0m
Processing by WelcomeController#index as HTML
  Rendering welcome/index.html.erb within layouts/application
  Rendered welcome/index.html.erb within layouts/application (1.4ms)
Completed 200 OK in 510ms (Views: 497.4ms | ActiveRecord: 0.0ms)


Started GET "/users/sign_up" for ::1 at 2017-01-06 15:28:19 +0900
Processing by Devise::RegistrationsController#new as HTML
  Rendering /Users/honda-takatomo/.rbenv/versions/2.2.5/lib/ruby/gems/2.2.0/gems/devise-4.2.0/app/views/devise/registrations/new.html.erb within layouts/application
  Rendered /Users/honda-takatomo/.rbenv/versions/2.2.5/lib/ruby/gems/2.2.0/gems/devise-4.2.0/app/views/devise/shared/_links.html.erb (7.4ms)
  Rendered /Users/honda-takatomo/.rbenv/versions/2.2.5/lib/ruby/gems/2.2.0/gems/devise-4.2.0/app/views/devise/registrations/new.html.erb within layouts/application (169.5ms)
Completed 200 OK in 354ms (Views: 302.3ms | ActiveRecord: 1.4ms)


Started POST "/users" for ::1 at 2017-01-06 15:28:38 +0900
Processing by Devise::RegistrationsController#create as HTML
  Parameters: {"utf8"=>"✓", "authenticity_token"=>"KFyfTd/wXHwWoWmGBz9H+PibEkp9xvahAmPZH8KvBPmLTgff+z0FvVkMG57bOEbmNWKNaHP2LvlqA5mZQvWIRA==", "user"=>{"email"=>"test@example.com", "password"=>"[FILTERED]", "password_confirmation"=>"[FILTERED]"}, "commit"=>"Sign up"}
  [1m[35m (0.1ms)[0m  [1m[36mbegin transaction[0m
  [1m[36mUser Exists (0.2ms)[0m  [1m[34mSELECT  1 AS one FROM "users" WHERE "users"."email" = ? LIMIT ?[0m  [["email", "test@example.com"], ["LIMIT", 1]]
  [1m[35m (0.1ms)[0m  [1m[31mrollback transaction[0m
  Rendering /Users/honda-takatomo/.rbenv/versions/2.2.5/lib/ruby/gems/2.2.0/gems/devise-4.2.0/app/views/devise/registrations/new.html.erb within layouts/application
  Rendered /Users/honda-takatomo/.rbenv/versions/2.2.5/lib/ruby/gems/2.2.0/gems/devise-4.2.0/app/views/devise/shared/_links.html.erb (1.5ms)
  Rendered /Users/honda-takatomo/.rbenv/versions/2.2.5/lib/ruby/gems/2.2.0/gems/devise-4.2.0/app/views/devise/registrations/new.html.erb within layouts/application (6.6ms)
Completed 200 OK in 237ms (Views: 28.3ms | ActiveRecord: 0.5ms)


Started POST "/users" for ::1 at 2017-01-06 15:28:46 +0900
Processing by Devise::RegistrationsController#create as HTML
  Parameters: {"utf8"=>"✓", "authenticity_token"=>"HFbG0a90N0jGp71p0Wc0+UN//lIgw1PhG18A3DHBf7O/RF5Di7luiYkKz3ENYDXnjoZhcC7zi7lzP0BasZvzDg==", "user"=>{"email"=>"test@example.com", "password"=>"[FILTERED]", "password_confirmation"=>"[FILTERED]"}, "commit"=>"Sign up"}
  [1m[35m (0.1ms)[0m  [1m[36mbegin transaction[0m
  [1m[36mUser Exists (0.1ms)[0m  [1m[34mSELECT  1 AS one FROM "users" WHERE "users"."email" = ? LIMIT ?[0m  [["email", "test@example.com"], ["LIMIT", 1]]
  [1m[35mSQL (0.4ms)[0m  [1m[32mINSERT INTO "users" ("email", "encrypted_password", "created_at", "updated_at") VALUES (?, ?, ?, ?)[0m  [["email", "test@example.com"], ["encrypted_password", "$2a$11$pP/JzSxinhMQjURxEl06xuJe5kgsb9k9KOyJlVNFvZ5Z2QT/jEATi"], ["created_at", 2017-01-06 06:28:46 UTC], ["updated_at", 2017-01-06 06:28:46 UTC]]
  [1m[35m (0.8ms)[0m  [1m[36mcommit transaction[0m
  [1m[35m (0.1ms)[0m  [1m[36mbegin transaction[0m
  [1m[35mSQL (0.4ms)[0m  [1m[33mUPDATE "users" SET "sign_in_count" = ?, "current_sign_in_at" = ?, "last_sign_in_at" = ?, "current_sign_in_ip" = ?, "last_sign_in_ip" = ?, "updated_at" = ? WHERE "users"."id" = ?[0m  [["sign_in_count", 1], ["current_sign_in_at", 2017-01-06 06:28:46 UTC], ["last_sign_in_at", 2017-01-06 06:28:46 UTC], ["current_sign_in_ip", "::1"], ["last_sign_in_ip", "::1"], ["updated_at", 2017-01-06 06:28:46 UTC], ["id", 1]]
  [1m[35m (0.7ms)[0m  [1m[36mcommit transaction[0m
Redirected to http://localhost:5000/
Completed 302 Found in 144ms (ActiveRecord: 2.5ms)


Started GET "/" for ::1 at 2017-01-06 15:28:46 +0900
Processing by WelcomeController#index as HTML
  Rendering welcome/index.html.erb within layouts/application
  Rendered welcome/index.html.erb within layouts/application (0.5ms)
  [1m[36mUser Load (0.2ms)[0m  [1m[34mSELECT  "users".* FROM "users" WHERE "users"."id" = ? ORDER BY "users"."id" ASC LIMIT ?[0m  [["id", 1], ["LIMIT", 1]]
Completed 200 OK in 22ms (Views: 20.2ms | ActiveRecord: 0.2ms)


Started DELETE "/users/sign_out" for ::1 at 2017-01-06 15:28:50 +0900
Processing by Devise::SessionsController#destroy as HTML
  Parameters: {"authenticity_token"=>"l/kLi94l8zighQaGoQGTVcTNSWI32AcEHBc8EMr3Huw065MZ+uiq+e8odJ59BpJLCTTWQDno31x0d3yWSq2SUQ=="}
  [1m[36mUser Load (0.2ms)[0m  [1m[34mSELECT  "users".* FROM "users" WHERE "users"."id" = ? ORDER BY "users"."id" ASC LIMIT ?[0m  [["id", 1], ["LIMIT", 1]]
  [1m[35m (0.1ms)[0m  [1m[36mbegin transaction[0m
  [1m[35m (0.0ms)[0m  [1m[36mcommit transaction[0m
Redirected to http://localhost:5000/
Completed 302 Found in 8ms (ActiveRecord: 0.3ms)


Started GET "/" for ::1 at 2017-01-06 15:28:50 +0900
Processing by WelcomeController#index as HTML
  Rendering welcome/index.html.erb within layouts/application
  Rendered welcome/index.html.erb within layouts/application (0.4ms)
Completed 200 OK in 17ms (Views: 15.6ms | ActiveRecord: 0.0ms)


Started GET "/users/sign_in" for ::1 at 2017-01-06 15:28:51 +0900
Processing by Devise::SessionsController#new as HTML
  Rendering /Users/honda-takatomo/.rbenv/versions/2.2.5/lib/ruby/gems/2.2.0/gems/devise-4.2.0/app/views/devise/sessions/new.html.erb within layouts/application
  Rendered /Users/honda-takatomo/.rbenv/versions/2.2.5/lib/ruby/gems/2.2.0/gems/devise-4.2.0/app/views/devise/shared/_links.html.erb (3.2ms)
  Rendered /Users/honda-takatomo/.rbenv/versions/2.2.5/lib/ruby/gems/2.2.0/gems/devise-4.2.0/app/views/devise/sessions/new.html.erb within layouts/application (21.3ms)
Completed 200 OK in 63ms (Views: 61.7ms | ActiveRecord: 0.0ms)


Started POST "/users/sign_in" for ::1 at 2017-01-06 15:29:01 +0900
Processing by Devise::SessionsController#create as HTML
  Parameters: {"utf8"=>"✓", "authenticity_token"=>"X662LHhq5lPa9uij84oym2wPoFSZFHtZ7e0c1kCTTTmXHe7rs44oW1z0HfnUN3LwqO2DhZtKOFrxe5dPXajVyw==", "user"=>{"email"=>"test@example.com", "password"=>"[FILTERED]", "remember_me"=>"0"}, "commit"=>"Log in"}
  [1m[36mUser Load (0.3ms)[0m  [1m[34mSELECT  "users".* FROM "users" WHERE "users"."email" = ? ORDER BY "users"."id" ASC LIMIT ?[0m  [["email", "test@example.com"], ["LIMIT", 1]]
  [1m[35m (0.1ms)[0m  [1m[36mbegin transaction[0m
  [1m[35mSQL (0.3ms)[0m  [1m[33mUPDATE "users" SET "current_sign_in_at" = ?, "sign_in_count" = ?, "updated_at" = ? WHERE "users"."id" = ?[0m  [["current_sign_in_at", 2017-01-06 06:29:01 UTC], ["sign_in_count", 2], ["updated_at", 2017-01-06 06:29:01 UTC], ["id", 1]]
  [1m[35m (0.7ms)[0m  [1m[36mcommit transaction[0m
Redirected to http://localhost:5000/
Completed 302 Found in 145ms (ActiveRecord: 1.4ms)


Started GET "/" for ::1 at 2017-01-06 15:29:01 +0900
Processing by WelcomeController#index as HTML
  Rendering welcome/index.html.erb within layouts/application
  Rendered welcome/index.html.erb within layouts/application (0.3ms)
  [1m[36mUser Load (0.2ms)[0m  [1m[34mSELECT  "users".* FROM "users" WHERE "users"."id" = ? ORDER BY "users"."id" ASC LIMIT ?[0m  [["id", 1], ["LIMIT", 1]]
Completed 200 OK in 21ms (Views: 19.1ms | ActiveRecord: 0.2ms)


Started DELETE "/users/sign_out" for ::1 at 2017-01-06 15:29:03 +0900
Processing by Devise::SessionsController#destroy as HTML
  Parameters: {"authenticity_token"=>"iLU+wi/9pzh/35Tf8fJ3AFPGxDz03eHaFtqdyOelb7FFWUo2yaSPCHw/FYTkIUMq7zwxk8jK7j3aNeb3/7YK1A=="}
  [1m[36mUser Load (0.2ms)[0m  [1m[34mSELECT  "users".* FROM "users" WHERE "users"."id" = ? ORDER BY "users"."id" ASC LIMIT ?[0m  [["id", 1], ["LIMIT", 1]]
  [1m[35m (0.1ms)[0m  [1m[36mbegin transaction[0m
  [1m[35m (0.1ms)[0m  [1m[36mcommit transaction[0m
Redirected to http://localhost:5000/
Completed 302 Found in 6ms (ActiveRecord: 0.3ms)


Started GET "/" for ::1 at 2017-01-06 15:29:03 +0900
Processing by WelcomeController#index as HTML
  Rendering welcome/index.html.erb within layouts/application
  Rendered welcome/index.html.erb within layouts/application (0.4ms)
Completed 200 OK in 21ms (Views: 19.6ms | ActiveRecord: 0.0ms)


DEPRECATION WARNING: ActiveRecord::Base.raise_in_transactional_callbacks= is deprecated, has no effect and will be removed without replacement. (called from <top (required)> at /Users/honda-takatomo/private/oauth-api-server/app/models/application_record.rb:1)
DEPRECATION WARNING: ActiveRecord::Base.raise_in_transactional_callbacks= is deprecated, has no effect and will be removed without replacement. (called from <top (required)> at /Users/honda-takatomo/private/oauth-api-server/app/models/application_record.rb:1)
DEPRECATION WARNING: ActiveRecord::Base.raise_in_transactional_callbacks= is deprecated, has no effect and will be removed without replacement. (called from <top (required)> at /Users/honda-takatomo/private/oauth-api-server/config/initializers/doorkeeper.rb:1)
DEPRECATION WARNING: ActiveRecord::Base.raise_in_transactional_callbacks= is deprecated, has no effect and will be removed without replacement. (called from <top (required)> at /Users/honda-takatomo/private/oauth-api-server/config/initializers/doorkeeper.rb:1)
  [1m[36mActiveRecord::SchemaMigration Load (0.2ms)[0m  [1m[34mSELECT "schema_migrations".* FROM "schema_migrations"[0m
Migrating to CreateDoorkeeperTables (20170106063214)
  [1m[35m (0.1ms)[0m  [1m[36mbegin transaction[0m
DEPRECATION WARNING: Directly inheriting from ActiveRecord::Migration is deprecated. Please specify the Rails release the migration was written for:

  class CreateDoorkeeperTables < ActiveRecord::Migration[4.2] (called from load at /Users/honda-takatomo/.rbenv/versions/2.2.5/bin/rake:23)
  [1m[35m (0.5ms)[0m  [1m[35mCREATE TABLE "oauth_applications" ("id" INTEGER PRIMARY KEY AUTOINCREMENT NOT NULL, "name" varchar NOT NULL, "uid" varchar NOT NULL, "secret" varchar NOT NULL, "redirect_uri" text NOT NULL, "scopes" varchar DEFAULT '' NOT NULL, "created_at" datetime NOT NULL, "updated_at" datetime NOT NULL)[0m
  [1m[35m (0.1ms)[0m  [1m[34mselect sqlite_version(*)[0m
  [1m[35m (0.5ms)[0m  [1m[35mCREATE UNIQUE INDEX "index_oauth_applications_on_uid" ON "oauth_applications" ("uid")[0m
  [1m[35m (0.2ms)[0m  [1m[35mCREATE TABLE "oauth_access_grants" ("id" INTEGER PRIMARY KEY AUTOINCREMENT NOT NULL, "resource_owner_id" integer NOT NULL, "application_id" integer NOT NULL, "token" varchar NOT NULL, "expires_in" integer NOT NULL, "redirect_uri" text NOT NULL, "created_at" datetime NOT NULL, "revoked_at" datetime, "scopes" varchar)[0m
  [1m[35m (0.1ms)[0m  [1m[35mCREATE UNIQUE INDEX "index_oauth_access_grants_on_token" ON "oauth_access_grants" ("token")[0m
  [1m[35m (0.2ms)[0m  [1m[35mCREATE TABLE "oauth_access_tokens" ("id" INTEGER PRIMARY KEY AUTOINCREMENT NOT NULL, "resource_owner_id" integer, "application_id" integer, "token" varchar NOT NULL, "refresh_token" varchar, "expires_in" integer, "revoked_at" datetime, "created_at" datetime NOT NULL, "scopes" varchar, "previous_refresh_token" varchar DEFAULT '' NOT NULL)[0m
  [1m[35m (0.1ms)[0m  [1m[35mCREATE UNIQUE INDEX "index_oauth_access_tokens_on_token" ON "oauth_access_tokens" ("token")[0m
  [1m[35m (0.1ms)[0m  [1m[34m            SELECT sql
            FROM sqlite_master
            WHERE name='index_oauth_access_tokens_on_token' AND type='index'
            UNION ALL
            SELECT sql
            FROM sqlite_temp_master
            WHERE name='index_oauth_access_tokens_on_token' AND type='index'
[0m
  [1m[35m (0.2ms)[0m  [1m[35mCREATE  INDEX "index_oauth_access_tokens_on_resource_owner_id" ON "oauth_access_tokens" ("resource_owner_id")[0m
  [1m[35m (0.1ms)[0m  [1m[34m            SELECT sql
            FROM sqlite_master
            WHERE name='index_oauth_access_tokens_on_resource_owner_id' AND type='index'
            UNION ALL
            SELECT sql
            FROM sqlite_temp_master
            WHERE name='index_oauth_access_tokens_on_resource_owner_id' AND type='index'
[0m
  [1m[35m (0.1ms)[0m  [1m[34m            SELECT sql
            FROM sqlite_master
            WHERE name='index_oauth_access_tokens_on_token' AND type='index'
            UNION ALL
            SELECT sql
            FROM sqlite_temp_master
            WHERE name='index_oauth_access_tokens_on_token' AND type='index'
[0m
  [1m[35m (0.1ms)[0m  [1m[35mCREATE UNIQUE INDEX "index_oauth_access_tokens_on_refresh_token" ON "oauth_access_tokens" ("refresh_token")[0m
  [1m[35mSQL (0.2ms)[0m  [1m[32mINSERT INTO "schema_migrations" ("version") VALUES (?)[0m  [["version", "20170106063214"]]
  [1m[35m (1.8ms)[0m  [1m[36mcommit transaction[0m
  [1m[36mActiveRecord::InternalMetadata Load (0.2ms)[0m  [1m[34mSELECT  "ar_internal_metadata".* FROM "ar_internal_metadata" WHERE "ar_internal_metadata"."key" = ? LIMIT ?[0m  [["key", :environment], ["LIMIT", 1]]
  [1m[35m (0.1ms)[0m  [1m[36mbegin transaction[0m
  [1m[35m (0.0ms)[0m  [1m[36mcommit transaction[0m
  [1m[36mActiveRecord::SchemaMigration Load (0.2ms)[0m  [1m[34mSELECT "schema_migrations".* FROM "schema_migrations"[0m
  [1m[35m (0.1ms)[0m  [1m[34m            SELECT sql
            FROM sqlite_master
            WHERE name='index_oauth_access_grants_on_token' AND type='index'
            UNION ALL
            SELECT sql
            FROM sqlite_temp_master
            WHERE name='index_oauth_access_grants_on_token' AND type='index'
[0m
  [1m[35m (0.1ms)[0m  [1m[34m            SELECT sql
            FROM sqlite_master
            WHERE name='index_oauth_access_tokens_on_refresh_token' AND type='index'
            UNION ALL
            SELECT sql
            FROM sqlite_temp_master
            WHERE name='index_oauth_access_tokens_on_refresh_token' AND type='index'
[0m
  [1m[35m (0.1ms)[0m  [1m[34m            SELECT sql
            FROM sqlite_master
            WHERE name='index_oauth_access_tokens_on_resource_owner_id' AND type='index'
            UNION ALL
            SELECT sql
            FROM sqlite_temp_master
            WHERE name='index_oauth_access_tokens_on_resource_owner_id' AND type='index'
[0m
  [1m[35m (0.1ms)[0m  [1m[34m            SELECT sql
            FROM sqlite_master
            WHERE name='index_oauth_access_tokens_on_token' AND type='index'
            UNION ALL
            SELECT sql
            FROM sqlite_temp_master
            WHERE name='index_oauth_access_tokens_on_token' AND type='index'
[0m
  [1m[35m (0.1ms)[0m  [1m[34m            SELECT sql
            FROM sqlite_master
            WHERE name='index_oauth_applications_on_uid' AND type='index'
            UNION ALL
            SELECT sql
            FROM sqlite_temp_master
            WHERE name='index_oauth_applications_on_uid' AND type='index'
[0m
  [1m[35m (0.1ms)[0m  [1m[34m            SELECT sql
            FROM sqlite_master
            WHERE name='index_users_on_reset_password_token' AND type='index'
            UNION ALL
            SELECT sql
            FROM sqlite_temp_master
            WHERE name='index_users_on_reset_password_token' AND type='index'
[0m
  [1m[35m (0.1ms)[0m  [1m[34m            SELECT sql
            FROM sqlite_master
            WHERE name='index_users_on_email' AND type='index'
            UNION ALL
            SELECT sql
            FROM sqlite_temp_master
            WHERE name='index_users_on_email' AND type='index'
[0m
DEPRECATION WARNING: ActiveRecord::Base.raise_in_transactional_callbacks= is deprecated, has no effect and will be removed without replacement. (called from <top (required)> at /Users/honda-takatomo/private/oauth-api-server/config/initializers/doorkeeper.rb:1)
DEPRECATION WARNING: ActiveRecord::Base.raise_in_transactional_callbacks= is deprecated, has no effect and will be removed without replacement. (called from <top (required)> at /Users/honda-takatomo/private/oauth-api-server/config/initializers/doorkeeper.rb:1)
Started GET "/" for ::1 at 2017-01-06 15:39:58 +0900
  [1m[36mActiveRecord::SchemaMigration Load (0.2ms)[0m  [1m[34mSELECT "schema_migrations".* FROM "schema_migrations"[0m
Processing by WelcomeController#index as HTML
  Rendering welcome/index.html.erb within layouts/application
  Rendered welcome/index.html.erb within layouts/application (2.0ms)
Completed 200 OK in 620ms (Views: 608.0ms | ActiveRecord: 0.0ms)


Started GET "/users/sign_in" for ::1 at 2017-01-06 15:40:01 +0900
Processing by Devise::SessionsController#new as HTML
  Rendering /Users/honda-takatomo/.rbenv/versions/2.2.5/lib/ruby/gems/2.2.0/gems/devise-4.2.0/app/views/devise/sessions/new.html.erb within layouts/application
  Rendered /Users/honda-takatomo/.rbenv/versions/2.2.5/lib/ruby/gems/2.2.0/gems/devise-4.2.0/app/views/devise/shared/_links.html.erb (1.4ms)
  Rendered /Users/honda-takatomo/.rbenv/versions/2.2.5/lib/ruby/gems/2.2.0/gems/devise-4.2.0/app/views/devise/sessions/new.html.erb within layouts/application (42.9ms)
Completed 200 OK in 108ms (Views: 74.7ms | ActiveRecord: 1.2ms)


Started POST "/users/sign_in" for ::1 at 2017-01-06 15:40:07 +0900
Processing by Devise::SessionsController#create as HTML
  Parameters: {"utf8"=>"✓", "authenticity_token"=>"9ItnWCPW5U7E36WlEkz71mTBVmx5Lcvlk4q8Ekm4ebunpRxxJjpUSM6siu1HF3U4VVUvz/A1lZUzMQYBcbFMZQ==", "user"=>{"email"=>"test@example.com", "password"=>"[FILTERED]", "remember_me"=>"0"}, "commit"=>"Log in"}
  [1m[36mUser Load (0.2ms)[0m  [1m[34mSELECT  "users".* FROM "users" WHERE "users"."email" = ? ORDER BY "users"."id" ASC LIMIT ?[0m  [["email", "test@example.com"], ["LIMIT", 1]]
  [1m[35m (0.1ms)[0m  [1m[36mbegin transaction[0m
  [1m[35mSQL (0.5ms)[0m  [1m[33mUPDATE "users" SET "current_sign_in_at" = ?, "last_sign_in_at" = ?, "sign_in_count" = ?, "updated_at" = ? WHERE "users"."id" = ?[0m  [["current_sign_in_at", 2017-01-06 06:40:07 UTC], ["last_sign_in_at", 2017-01-06 06:29:01 UTC], ["sign_in_count", 3], ["updated_at", 2017-01-06 06:40:07 UTC], ["id", 1]]
  [1m[35m (3.3ms)[0m  [1m[36mcommit transaction[0m
Redirected to http://localhost:5000/
Completed 302 Found in 188ms (ActiveRecord: 4.2ms)


Started GET "/" for ::1 at 2017-01-06 15:40:07 +0900
Processing by WelcomeController#index as HTML
  Rendering welcome/index.html.erb within layouts/application
  Rendered welcome/index.html.erb within layouts/application (0.6ms)
  [1m[36mUser Load (0.6ms)[0m  [1m[34mSELECT  "users".* FROM "users" WHERE "users"."id" = ? ORDER BY "users"."id" ASC LIMIT ?[0m  [["id", 1], ["LIMIT", 1]]
Completed 200 OK in 62ms (Views: 57.4ms | ActiveRecord: 0.6ms)


DEPRECATION WARNING: ActiveRecord::Base.raise_in_transactional_callbacks= is deprecated, has no effect and will be removed without replacement. (called from <top (required)> at /Users/honda-takatomo/private/oauth-api-server/config/initializers/doorkeeper.rb:1)
DEPRECATION WARNING: ActiveRecord::Base.raise_in_transactional_callbacks= is deprecated, has no effect and will be removed without replacement. (called from <top (required)> at /Users/honda-takatomo/private/oauth-api-server/config/initializers/doorkeeper.rb:1)
Started GET "/" for ::1 at 2017-01-06 15:49:16 +0900
  [1m[36mActiveRecord::SchemaMigration Load (0.4ms)[0m  [1m[34mSELECT "schema_migrations".* FROM "schema_migrations"[0m
Processing by WelcomeController#index as HTML
  Rendering welcome/index.html.erb within layouts/application
  Rendered welcome/index.html.erb within layouts/application (5.7ms)
  [1m[36mUser Load (0.6ms)[0m  [1m[34mSELECT  "users".* FROM "users" WHERE "users"."id" = ? ORDER BY "users"."id" ASC LIMIT ?[0m  [["id", 1], ["LIMIT", 1]]
Completed 200 OK in 975ms (Views: 963.5ms | ActiveRecord: 1.9ms)


Started GET "/assets/api.self-877aef30ae1b040ab8a3aba4e3e309a11d7f2612f44dde450b5c157aa5f95c05.js?body=1" for ::1 at 2017-01-06 15:49:17 +0900
Started GET "/assets/api.self-e3b0c44298fc1c149afbf4c8996fb92427ae41e4649b934ca495991b7852b855.css?body=1" for ::1 at 2017-01-06 15:49:17 +0900
Started GET "/api/index" for ::1 at 2017-01-06 15:49:22 +0900
Processing by ApiController#index as HTML
Completed 500 Internal Server Error in 2ms (ActiveRecord: 0.0ms)


  
NoMethodError (undefined method `resource_owner_id' for nil:NilClass):
  
app/controllers/api_controller.rb:5:in `index'
  Rendering /Users/honda-takatomo/.rbenv/versions/2.2.5/lib/ruby/gems/2.2.0/gems/actionpack-5.0.1/lib/action_dispatch/middleware/templates/rescues/diagnostics.html.erb within rescues/layout
  Rendering /Users/honda-takatomo/.rbenv/versions/2.2.5/lib/ruby/gems/2.2.0/gems/actionpack-5.0.1/lib/action_dispatch/middleware/templates/rescues/_source.html.erb
  Rendered /Users/honda-takatomo/.rbenv/versions/2.2.5/lib/ruby/gems/2.2.0/gems/actionpack-5.0.1/lib/action_dispatch/middleware/templates/rescues/_source.html.erb (5.2ms)
  Rendering /Users/honda-takatomo/.rbenv/versions/2.2.5/lib/ruby/gems/2.2.0/gems/actionpack-5.0.1/lib/action_dispatch/middleware/templates/rescues/_trace.html.erb
  Rendered /Users/honda-takatomo/.rbenv/versions/2.2.5/lib/ruby/gems/2.2.0/gems/actionpack-5.0.1/lib/action_dispatch/middleware/templates/rescues/_trace.html.erb (3.1ms)
  Rendering /Users/honda-takatomo/.rbenv/versions/2.2.5/lib/ruby/gems/2.2.0/gems/actionpack-5.0.1/lib/action_dispatch/middleware/templates/rescues/_request_and_response.html.erb
  Rendered /Users/honda-takatomo/.rbenv/versions/2.2.5/lib/ruby/gems/2.2.0/gems/actionpack-5.0.1/lib/action_dispatch/middleware/templates/rescues/_request_and_response.html.erb (16.0ms)
  Rendered /Users/honda-takatomo/.rbenv/versions/2.2.5/lib/ruby/gems/2.2.0/gems/actionpack-5.0.1/lib/action_dispatch/middleware/templates/rescues/diagnostics.html.erb within rescues/layout (184.5ms)
DEPRECATION WARNING: Accessing mime types via constants is deprecated. Please change `Mime::HTML` to `Mime[:html]`. (called from acceptable_content_type? at /Users/honda-takatomo/.rbenv/versions/2.2.5/lib/ruby/gems/2.2.0/gems/web-console-2.3.0/lib/web_console/middleware.rb:58)
  Rendering /Users/honda-takatomo/.rbenv/versions/2.2.5/lib/ruby/gems/2.2.0/gems/web-console-2.3.0/lib/web_console/templates/index.html.erb
  Rendered /Users/honda-takatomo/.rbenv/versions/2.2.5/lib/ruby/gems/2.2.0/gems/web-console-2.3.0/lib/web_console/templates/_markup.html.erb (0.5ms)
  Rendering /Users/honda-takatomo/.rbenv/versions/2.2.5/lib/ruby/gems/2.2.0/gems/web-console-2.3.0/lib/web_console/templates/console.js.erb within layouts/javascript
  Rendering /Users/honda-takatomo/.rbenv/versions/2.2.5/lib/ruby/gems/2.2.0/gems/web-console-2.3.0/lib/web_console/templates/_inner_console_markup.html.erb within layouts/inlined_string
  Rendered /Users/honda-takatomo/.rbenv/versions/2.2.5/lib/ruby/gems/2.2.0/gems/web-console-2.3.0/lib/web_console/templates/_inner_console_markup.html.erb within layouts/inlined_string (0.9ms)
  Rendering /Users/honda-takatomo/.rbenv/versions/2.2.5/lib/ruby/gems/2.2.0/gems/web-console-2.3.0/lib/web_console/templates/_prompt_box_markup.html.erb within layouts/inlined_string
  Rendered /Users/honda-takatomo/.rbenv/versions/2.2.5/lib/ruby/gems/2.2.0/gems/web-console-2.3.0/lib/web_console/templates/_prompt_box_markup.html.erb within layouts/inlined_string (0.5ms)
  Rendering /Users/honda-takatomo/.rbenv/versions/2.2.5/lib/ruby/gems/2.2.0/gems/web-console-2.3.0/lib/web_console/templates/style.css.erb within layouts/inlined_string
  Rendered /Users/honda-takatomo/.rbenv/versions/2.2.5/lib/ruby/gems/2.2.0/gems/web-console-2.3.0/lib/web_console/templates/style.css.erb within layouts/inlined_string (0.5ms)
DEPRECATION WARNING: Accessing mime types via constants is deprecated. Please change `Mime::WEB_CONSOLE_V2` to `Mime[:web_console_v2]`. (called from ___sers_honda_takatomo__rbenv_versions_______lib_ruby_gems_______gems_web_console_______lib_web_console_templates_console_js_erb___1667669813023170304_70315259892800 at /Users/honda-takatomo/.rbenv/versions/2.2.5/lib/ruby/gems/2.2.0/gems/web-console-2.3.0/lib/web_console/templates/console.js.erb:491)
  Rendered /Users/honda-takatomo/.rbenv/versions/2.2.5/lib/ruby/gems/2.2.0/gems/web-console-2.3.0/lib/web_console/templates/console.js.erb within layouts/javascript (166.4ms)
  Rendering /Users/honda-takatomo/.rbenv/versions/2.2.5/lib/ruby/gems/2.2.0/gems/web-console-2.3.0/lib/web_console/templates/main.js.erb within layouts/javascript
  Rendered /Users/honda-takatomo/.rbenv/versions/2.2.5/lib/ruby/gems/2.2.0/gems/web-console-2.3.0/lib/web_console/templates/main.js.erb within layouts/javascript (0.4ms)
  Rendering /Users/honda-takatomo/.rbenv/versions/2.2.5/lib/ruby/gems/2.2.0/gems/web-console-2.3.0/lib/web_console/templates/error_page.js.erb within layouts/javascript
  Rendered /Users/honda-takatomo/.rbenv/versions/2.2.5/lib/ruby/gems/2.2.0/gems/web-console-2.3.0/lib/web_console/templates/error_page.js.erb within layouts/javascript (0.7ms)
  Rendered /Users/honda-takatomo/.rbenv/versions/2.2.5/lib/ruby/gems/2.2.0/gems/web-console-2.3.0/lib/web_console/templates/index.html.erb (294.9ms)
DEPRECATION WARNING: ActiveRecord::Base.raise_in_transactional_callbacks= is deprecated, has no effect and will be removed without replacement. (called from <top (required)> at /Users/honda-takatomo/private/oauth-api-server/config/initializers/doorkeeper.rb:1)
Started GET "/api/index" for ::1 at 2017-01-06 15:50:35 +0900
  [1m[36mActiveRecord::SchemaMigration Load (0.1ms)[0m  [1m[34mSELECT "schema_migrations".* FROM "schema_migrations"[0m
Processing by ApiController#index as HTML
Completed 200 OK in 9ms (Views: 0.2ms | ActiveRecord: 0.0ms)


DEPRECATION WARNING: ActiveRecord::Base.raise_in_transactional_callbacks= is deprecated, has no effect and will be removed without replacement. (called from <top (required)> at /Users/honda-takatomo/private/oauth-api-server/config/initializers/doorkeeper.rb:1)
DEPRECATION WARNING: ActiveRecord::Base.raise_in_transactional_callbacks= is deprecated, has no effect and will be removed without replacement. (called from <top (required)> at /Users/honda-takatomo/private/oauth-api-server/config/initializers/doorkeeper.rb:1)
Started GET "/api/index" for ::1 at 2017-01-06 15:51:41 +0900
  [1m[36mActiveRecord::SchemaMigration Load (0.1ms)[0m  [1m[34mSELECT "schema_migrations".* FROM "schema_migrations"[0m
Processing by ApiController#index as HTML
Completed 200 OK in 9ms (Views: 0.2ms | ActiveRecord: 0.0ms)


Started GET "/" for ::1 at 2017-01-06 15:51:46 +0900
Processing by WelcomeController#index as HTML
  Rendering welcome/index.html.erb within layouts/application
  Rendered welcome/index.html.erb within layouts/application (1.8ms)
  [1m[36mUser Load (1.7ms)[0m  [1m[34mSELECT  "users".* FROM "users" WHERE "users"."id" = ? ORDER BY "users"."id" ASC LIMIT ?[0m  [["id", 1], ["LIMIT", 1]]
Completed 200 OK in 282ms (Views: 277.0ms | ActiveRecord: 2.7ms)


DEPRECATION WARNING: ActiveRecord::Base.raise_in_transactional_callbacks= is deprecated, has no effect and will be removed without replacement. (called from <top (required)> at /Users/honda-takatomo/private/oauth-api-server/config/initializers/doorkeeper.rb:1)
Started GET "/" for ::1 at 2017-01-06 15:53:18 +0900
  [1m[36mActiveRecord::SchemaMigration Load (0.1ms)[0m  [1m[34mSELECT "schema_migrations".* FROM "schema_migrations"[0m
Processing by WelcomeController#index as HTML
  Rendering welcome/index.html.erb within layouts/application
  Rendered welcome/index.html.erb within layouts/application (1.4ms)
  [1m[36mUser Load (0.3ms)[0m  [1m[34mSELECT  "users".* FROM "users" WHERE "users"."id" = ? ORDER BY "users"."id" ASC LIMIT ?[0m  [["id", 1], ["LIMIT", 1]]
Completed 200 OK in 256ms (Views: 244.2ms | ActiveRecord: 1.6ms)


Started GET "/api/index" for ::1 at 2017-01-06 15:53:26 +0900
Processing by ApiController#index as HTML
Filter chain halted as :doorkeeper_authorize! rendered or redirected
Completed 401 Unauthorized in 16ms (ActiveRecord: 0.0ms)


Started GET "/oauth/applications" for ::1 at 2017-01-06 15:53:44 +0900
Processing by Doorkeeper::ApplicationsController#index as HTML
  Rendering /Users/honda-takatomo/.rbenv/versions/2.2.5/lib/ruby/gems/2.2.0/gems/doorkeeper-4.2.0/app/views/doorkeeper/applications/index.html.erb within layouts/doorkeeper/admin
  [1m[36mDoorkeeper::Application Load (0.2ms)[0m  [1m[34mSELECT "oauth_applications".* FROM "oauth_applications"[0m
  Rendered /Users/honda-takatomo/.rbenv/versions/2.2.5/lib/ruby/gems/2.2.0/gems/doorkeeper-4.2.0/app/views/doorkeeper/applications/index.html.erb within layouts/doorkeeper/admin (2.3ms)
Completed 200 OK in 35ms (Views: 29.9ms | ActiveRecord: 0.4ms)


Started GET "/assets/doorkeeper/bootstrap.min.self-a5176189e4c5305bf3b21c622275d2a8cb9d76bdb20d045e5e00b88f5ab53a7a.css?body=1" for ::1 at 2017-01-06 15:53:44 +0900
Started GET "/assets/doorkeeper/admin/application.self-4be093f1305a3e8a26b5294e227d75070ee83fe0a02bcadc7714c375fd64dc09.css?body=1" for ::1 at 2017-01-06 15:53:44 +0900
Started GET "/oauth/applications/new" for ::1 at 2017-01-06 15:54:05 +0900
Processing by Doorkeeper::ApplicationsController#new as HTML
  Rendering /Users/honda-takatomo/.rbenv/versions/2.2.5/lib/ruby/gems/2.2.0/gems/doorkeeper-4.2.0/app/views/doorkeeper/applications/new.html.erb within layouts/doorkeeper/admin
  Rendered /Users/honda-takatomo/.rbenv/versions/2.2.5/lib/ruby/gems/2.2.0/gems/doorkeeper-4.2.0/app/views/doorkeeper/applications/_form.html.erb (12.8ms)
  Rendered /Users/honda-takatomo/.rbenv/versions/2.2.5/lib/ruby/gems/2.2.0/gems/doorkeeper-4.2.0/app/views/doorkeeper/applications/new.html.erb within layouts/doorkeeper/admin (20.4ms)
Completed 200 OK in 45ms (Views: 32.9ms | ActiveRecord: 0.5ms)


Started POST "/oauth/applications" for ::1 at 2017-01-06 15:54:29 +0900
Processing by Doorkeeper::ApplicationsController#create as HTML
  Parameters: {"utf8"=>"✓", "authenticity_token"=>"UE67/wWsZSI5b8Bs05xR/j2U86ziV/2Qo/yTCtFS6yBjyn6ydW5zeTUNBH/NxwQE8VqmrQecqWZhi+3sacVP0A==", "doorkeeper_application"=>{"name"=>"hoge", "redirect_uri"=>"http://www.yahoo.co.jp/", "scopes"=>"info"}, "commit"=>"Submit"}
  [1m[35m (0.3ms)[0m  [1m[36mbegin transaction[0m
  [1m[36mDoorkeeper::Application Exists (0.4ms)[0m  [1m[34mSELECT  1 AS one FROM "oauth_applications" WHERE "oauth_applications"."uid" = ? LIMIT ?[0m  [["uid", "d6da6ee768631ade98798d9fcc632621acb20e418c46c5bbd7d36f22c4874371"], ["LIMIT", 1]]
  [1m[35mSQL (0.6ms)[0m  [1m[32mINSERT INTO "oauth_applications" ("name", "uid", "secret", "redirect_uri", "scopes", "created_at", "updated_at") VALUES (?, ?, ?, ?, ?, ?, ?)[0m  [["name", "hoge"], ["uid", "d6da6ee768631ade98798d9fcc632621acb20e418c46c5bbd7d36f22c4874371"], ["secret", "c1c89bcd048923bac21820f7e3653de756b5ba58e94875be2d12db97adfd4274"], ["redirect_uri", "http://www.yahoo.co.jp/"], ["scopes", "info"], ["created_at", 2017-01-06 06:54:29 UTC], ["updated_at", 2017-01-06 06:54:29 UTC]]
  [1m[35m (0.8ms)[0m  [1m[36mcommit transaction[0m
Redirected to http://localhost:5000/oauth/applications/1
Completed 302 Found in 18ms (ActiveRecord: 2.0ms)


Started GET "/oauth/applications/1" for ::1 at 2017-01-06 15:54:29 +0900
Processing by Doorkeeper::ApplicationsController#show as HTML
  Parameters: {"id"=>"1"}
  [1m[36mDoorkeeper::Application Load (0.3ms)[0m  [1m[34mSELECT  "oauth_applications".* FROM "oauth_applications" WHERE "oauth_applications"."id" = ? LIMIT ?[0m  [["id", 1], ["LIMIT", 1]]
  Rendering /Users/honda-takatomo/.rbenv/versions/2.2.5/lib/ruby/gems/2.2.0/gems/doorkeeper-4.2.0/app/views/doorkeeper/applications/show.html.erb within layouts/doorkeeper/admin
  Rendered /Users/honda-takatomo/.rbenv/versions/2.2.5/lib/ruby/gems/2.2.0/gems/doorkeeper-4.2.0/app/views/doorkeeper/applications/_delete_form.html.erb (1.4ms)
  Rendered /Users/honda-takatomo/.rbenv/versions/2.2.5/lib/ruby/gems/2.2.0/gems/doorkeeper-4.2.0/app/views/doorkeeper/applications/show.html.erb within layouts/doorkeeper/admin (12.4ms)
Completed 200 OK in 38ms (Views: 27.7ms | ActiveRecord: 0.2ms)


Started GET "/oauth/authorize" for ::1 at 2017-01-06 15:56:34 +0900
Processing by Doorkeeper::AuthorizationsController#new as */*
  Parameters: {"response_type"=>"code", "client_id"=>"d6da6ee768631ade98798d9fcc632621acb20e418c46c5bbd7d36f22c4874371", "redirect_uri"=>"http://www.yahoo.co.jp/", "scope"=>"info"}
Completed 401 Unauthorized in 7ms (ActiveRecord: 0.0ms)


Started GET "/oauth/authorize?client_id=d6da6ee768631ade98798d9fcc632621acb20e418c46c5bbd7d36f22c4874371&redirect_uri=http%3A%2F%2Fwww.yahoo.co.jp%2F&response_type=code&scope=info" for ::1 at 2017-01-06 15:56:55 +0900
Processing by Doorkeeper::AuthorizationsController#new as HTML
  Parameters: {"client_id"=>"d6da6ee768631ade98798d9fcc632621acb20e418c46c5bbd7d36f22c4874371", "redirect_uri"=>"http://www.yahoo.co.jp/", "response_type"=>"code", "scope"=>"info"}
  [1m[36mUser Load (0.2ms)[0m  [1m[34mSELECT  "users".* FROM "users" WHERE "users"."id" = ? ORDER BY "users"."id" ASC LIMIT ?[0m  [["id", 1], ["LIMIT", 1]]
  [1m[36mDoorkeeper::Application Load (0.2ms)[0m  [1m[34mSELECT  "oauth_applications".* FROM "oauth_applications" WHERE "oauth_applications"."uid" = ? LIMIT ?[0m  [["uid", "d6da6ee768631ade98798d9fcc632621acb20e418c46c5bbd7d36f22c4874371"], ["LIMIT", 1]]
  [1m[36mDoorkeeper::AccessToken Load (0.2ms)[0m  [1m[34mSELECT  "oauth_access_tokens".* FROM "oauth_access_tokens" WHERE "oauth_access_tokens"."application_id" = ? AND "oauth_access_tokens"."resource_owner_id" = ? AND "oauth_access_tokens"."revoked_at" IS NULL ORDER BY created_at desc LIMIT ?[0m  [["application_id", 1], ["resource_owner_id", 1], ["LIMIT", 1]]
  Rendering /Users/honda-takatomo/.rbenv/versions/2.2.5/lib/ruby/gems/2.2.0/gems/doorkeeper-4.2.0/app/views/doorkeeper/authorizations/new.html.erb within layouts/doorkeeper/application
  Rendered /Users/honda-takatomo/.rbenv/versions/2.2.5/lib/ruby/gems/2.2.0/gems/doorkeeper-4.2.0/app/views/doorkeeper/authorizations/new.html.erb within layouts/doorkeeper/application (36.8ms)
Completed 200 OK in 79ms (Views: 73.1ms | ActiveRecord: 0.9ms)


Started GET "/assets/doorkeeper/application.self-0d3ff3857ecea10dad6f6ab33f534a4df52875a35e5d24bfb4873cbf0b342362.css?body=1" for ::1 at 2017-01-06 15:56:55 +0900
Started GET "/oauth/authorize?client_id=d6da6ee768631ade98798d9fcc632621acb20e418c46c5bbd7d36f22c4874371&redirect_uri=http%3A%2F%2Fwww.yahoo.co.jp%2F&response_type=code&scope=info" for ::1 at 2017-01-06 15:56:57 +0900
Processing by Doorkeeper::AuthorizationsController#new as HTML
  Parameters: {"client_id"=>"d6da6ee768631ade98798d9fcc632621acb20e418c46c5bbd7d36f22c4874371", "redirect_uri"=>"http://www.yahoo.co.jp/", "response_type"=>"code", "scope"=>"info"}
  [1m[36mUser Load (0.3ms)[0m  [1m[34mSELECT  "users".* FROM "users" WHERE "users"."id" = ? ORDER BY "users"."id" ASC LIMIT ?[0m  [["id", 1], ["LIMIT", 1]]
  [1m[36mDoorkeeper::Application Load (0.1ms)[0m  [1m[34mSELECT  "oauth_applications".* FROM "oauth_applications" WHERE "oauth_applications"."uid" = ? LIMIT ?[0m  [["uid", "d6da6ee768631ade98798d9fcc632621acb20e418c46c5bbd7d36f22c4874371"], ["LIMIT", 1]]
  [1m[36mDoorkeeper::AccessToken Load (0.4ms)[0m  [1m[34mSELECT  "oauth_access_tokens".* FROM "oauth_access_tokens" WHERE "oauth_access_tokens"."application_id" = ? AND "oauth_access_tokens"."resource_owner_id" = ? AND "oauth_access_tokens"."revoked_at" IS NULL ORDER BY created_at desc LIMIT ?[0m  [["application_id", 1], ["resource_owner_id", 1], ["LIMIT", 1]]
  Rendering /Users/honda-takatomo/.rbenv/versions/2.2.5/lib/ruby/gems/2.2.0/gems/doorkeeper-4.2.0/app/views/doorkeeper/authorizations/new.html.erb within layouts/doorkeeper/application
  Rendered /Users/honda-takatomo/.rbenv/versions/2.2.5/lib/ruby/gems/2.2.0/gems/doorkeeper-4.2.0/app/views/doorkeeper/authorizations/new.html.erb within layouts/doorkeeper/application (7.0ms)
Completed 200 OK in 60ms (Views: 53.3ms | ActiveRecord: 0.8ms)


Started GET "/assets/doorkeeper/bootstrap.min.self-a5176189e4c5305bf3b21c622275d2a8cb9d76bdb20d045e5e00b88f5ab53a7a.css?body=1" for ::1 at 2017-01-06 15:56:57 +0900
Started GET "/assets/doorkeeper/application.self-0d3ff3857ecea10dad6f6ab33f534a4df52875a35e5d24bfb4873cbf0b342362.css?body=1" for ::1 at 2017-01-06 15:56:57 +0900
Started GET "/assets/doorkeeper/admin/application.self-4be093f1305a3e8a26b5294e227d75070ee83fe0a02bcadc7714c375fd64dc09.css?body=1" for ::1 at 2017-01-06 15:56:57 +0900
Started POST "/oauth/authorize" for ::1 at 2017-01-06 15:57:06 +0900
Processing by Doorkeeper::AuthorizationsController#create as HTML
  Parameters: {"utf8"=>"✓", "authenticity_token"=>"lsS9JpT+SpQYb1e5tAo4BJr8owX40kVWI0Y75nkIwpilQHhr5DxczxQNk6qqUW3+VjL2BB0ZEaDhMUUAwZ9maA==", "client_id"=>"d6da6ee768631ade98798d9fcc632621acb20e418c46c5bbd7d36f22c4874371", "redirect_uri"=>"http://www.yahoo.co.jp/", "state"=>"", "response_type"=>"code", "scope"=>"info", "commit"=>"Authorize"}
  [1m[36mUser Load (0.2ms)[0m  [1m[34mSELECT  "users".* FROM "users" WHERE "users"."id" = ? ORDER BY "users"."id" ASC LIMIT ?[0m  [["id", 1], ["LIMIT", 1]]
  [1m[36mDoorkeeper::Application Load (0.1ms)[0m  [1m[34mSELECT  "oauth_applications".* FROM "oauth_applications" WHERE "oauth_applications"."uid" = ? LIMIT ?[0m  [["uid", "d6da6ee768631ade98798d9fcc632621acb20e418c46c5bbd7d36f22c4874371"], ["LIMIT", 1]]
  [1m[35m (0.1ms)[0m  [1m[36mbegin transaction[0m
  [1m[36mDoorkeeper::AccessGrant Exists (0.2ms)[0m  [1m[34mSELECT  1 AS one FROM "oauth_access_grants" WHERE "oauth_access_grants"."token" = ? LIMIT ?[0m  [["token", "92c8ab063daec8593a8b6191f4f6b07d0313e9e93ecd1e76b4a160b5069e962b"], ["LIMIT", 1]]
  [1m[35mSQL (0.4ms)[0m  [1m[32mINSERT INTO "oauth_access_grants" ("resource_owner_id", "application_id", "token", "expires_in", "redirect_uri", "created_at", "scopes") VALUES (?, ?, ?, ?, ?, ?, ?)[0m  [["resource_owner_id", 1], ["application_id", 1], ["token", "92c8ab063daec8593a8b6191f4f6b07d0313e9e93ecd1e76b4a160b5069e962b"], ["expires_in", 600], ["redirect_uri", "http://www.yahoo.co.jp/"], ["created_at", 2017-01-06 06:57:06 UTC], ["scopes", "info"]]
  [1m[35m (1.8ms)[0m  [1m[36mcommit transaction[0m
Redirected to http://www.yahoo.co.jp/?code=92c8ab063daec8593a8b6191f4f6b07d0313e9e93ecd1e76b4a160b5069e962b
Completed 302 Found in 20ms (ActiveRecord: 3.1ms)


Started POST "/oauth/token" for ::1 at 2017-01-06 15:58:01 +0900
Processing by Doorkeeper::TokensController#create as */*
  Parameters: {"grant_type"=>"authorization_code", "client_id"=>"6a3cfa1b4d32011c8fd2bf247e403465dfac53777aea0e5cfc7a33e06c62d496", "client_secret"=>"[FILTERED]", "code"=>"[FILTERED]", "redirect_uri"=>"http://www.yahoo.co.jp/"}
  [1m[36mDoorkeeper::AccessGrant Load (0.3ms)[0m  [1m[34mSELECT  "oauth_access_grants".* FROM "oauth_access_grants" WHERE "oauth_access_grants"."token" = ? LIMIT ?[0m  [["token", "92c8ab063daec8593a8b6191f4f6b07d0313e9e93ecd1e76b4a160b5069e962b"], ["LIMIT", 1]]
  [1m[36mDoorkeeper::Application Load (0.2ms)[0m  [1m[34mSELECT  "oauth_applications".* FROM "oauth_applications" WHERE "oauth_applications"."uid" = ? AND "oauth_applications"."secret" = ? LIMIT ?[0m  [["uid", "6a3cfa1b4d32011c8fd2bf247e403465dfac53777aea0e5cfc7a33e06c62d496"], ["secret", "c1c89bcd048923bac21820f7e3653de756b5ba58e94875be2d12db97adfd4274"], ["LIMIT", 1]]
Completed 401 Unauthorized in 4ms


Started POST "/oauth/token" for ::1 at 2017-01-06 15:58:27 +0900
Processing by Doorkeeper::TokensController#create as */*
  Parameters: {"grant_type"=>"authorization_code", "client_id"=>"6a3cfa1b4d32011c8fd2bf247e403465dfac53777aea0e5cfc7a33e06c62d496", "client_secret"=>"[FILTERED]", "code"=>"[FILTERED]", "redirect_uri"=>"http://www.yahoo.co.jp/", "scope"=>"info"}
  [1m[36mDoorkeeper::AccessGrant Load (0.2ms)[0m  [1m[34mSELECT  "oauth_access_grants".* FROM "oauth_access_grants" WHERE "oauth_access_grants"."token" = ? LIMIT ?[0m  [["token", "92c8ab063daec8593a8b6191f4f6b07d0313e9e93ecd1e76b4a160b5069e962b"], ["LIMIT", 1]]
  [1m[36mDoorkeeper::Application Load (0.2ms)[0m  [1m[34mSELECT  "oauth_applications".* FROM "oauth_applications" WHERE "oauth_applications"."uid" = ? AND "oauth_applications"."secret" = ? LIMIT ?[0m  [["uid", "6a3cfa1b4d32011c8fd2bf247e403465dfac53777aea0e5cfc7a33e06c62d496"], ["secret", "c1c89bcd048923bac21820f7e3653de756b5ba58e94875be2d12db97adfd4274"], ["LIMIT", 1]]
Completed 401 Unauthorized in 2ms


Started POST "/oauth/token" for ::1 at 2017-01-06 15:58:48 +0900
Processing by Doorkeeper::TokensController#create as */*
  Parameters: {"grant_type"=>"authorization_code", "client_id"=>"d6da6ee768631ade98798d9fcc632621acb20e418c46c5bbd7d36f22c4874371", "client_secret"=>"[FILTERED]", "code"=>"[FILTERED]", "redirect_uri"=>"http://www.yahoo.co.jp/", "scope"=>"info"}
  [1m[36mDoorkeeper::AccessGrant Load (0.1ms)[0m  [1m[34mSELECT  "oauth_access_grants".* FROM "oauth_access_grants" WHERE "oauth_access_grants"."token" = ? LIMIT ?[0m  [["token", "92c8ab063daec8593a8b6191f4f6b07d0313e9e93ecd1e76b4a160b5069e962b"], ["LIMIT", 1]]
  [1m[36mDoorkeeper::Application Load (0.1ms)[0m  [1m[34mSELECT  "oauth_applications".* FROM "oauth_applications" WHERE "oauth_applications"."uid" = ? AND "oauth_applications"."secret" = ? LIMIT ?[0m  [["uid", "d6da6ee768631ade98798d9fcc632621acb20e418c46c5bbd7d36f22c4874371"], ["secret", "c1c89bcd048923bac21820f7e3653de756b5ba58e94875be2d12db97adfd4274"], ["LIMIT", 1]]
  [1m[35m (0.1ms)[0m  [1m[36mbegin transaction[0m
  [1m[36mDoorkeeper::AccessGrant Load (0.2ms)[0m  [1m[34mSELECT  "oauth_access_grants".* FROM "oauth_access_grants" WHERE "oauth_access_grants"."id" = ? LIMIT ? [0m  [["id", 1], ["LIMIT", 1]]
  [1m[35mSQL (0.6ms)[0m  [1m[33mUPDATE "oauth_access_grants" SET "revoked_at" = ? WHERE "oauth_access_grants"."id" = ?[0m  [["revoked_at", 2017-01-06 06:58:48 UTC], ["id", 1]]
  [1m[36mDoorkeeper::Application Load (0.1ms)[0m  [1m[34mSELECT  "oauth_applications".* FROM "oauth_applications" WHERE "oauth_applications"."id" = ? LIMIT ?[0m  [["id", 1], ["LIMIT", 1]]
  [1m[36mCACHE (0.0ms)[0m  [1m[34mSELECT  "oauth_applications".* FROM "oauth_applications" WHERE "oauth_applications"."id" = ? LIMIT ?[0m  [["id", 1], ["LIMIT", 1]]
  [1m[36mDoorkeeper::AccessToken Exists (0.1ms)[0m  [1m[34mSELECT  1 AS one FROM "oauth_access_tokens" WHERE "oauth_access_tokens"."token" = ? LIMIT ?[0m  [["token", "2d1a69418f627ef397285c8a7bf2877e66c4febf709e09fbc958ec3b08b1430e"], ["LIMIT", 1]]
  [1m[35mSQL (0.4ms)[0m  [1m[32mINSERT INTO "oauth_access_tokens" ("resource_owner_id", "application_id", "token", "expires_in", "created_at", "scopes") VALUES (?, ?, ?, ?, ?, ?)[0m  [["resource_owner_id", 1], ["application_id", 1], ["token", "2d1a69418f627ef397285c8a7bf2877e66c4febf709e09fbc958ec3b08b1430e"], ["expires_in", 7200], ["created_at", 2017-01-06 06:58:48 UTC], ["scopes", "info"]]
  [1m[35m (1.0ms)[0m  [1m[36mcommit transaction[0m
Completed 200 OK in 58ms


Started GET "/api/user/index" for ::1 at 2017-01-06 15:59:39 +0900
  
ActionController::RoutingError (No route matches [GET] "/api/user/index"):
  
actionpack (5.0.1) lib/action_dispatch/middleware/debug_exceptions.rb:53:in `call'
web-console (2.3.0) lib/web_console/middleware.rb:28:in `block in call'
web-console (2.3.0) lib/web_console/middleware.rb:18:in `catch'
web-console (2.3.0) lib/web_console/middleware.rb:18:in `call'
actionpack (5.0.1) lib/action_dispatch/middleware/show_exceptions.rb:31:in `call'
railties (5.0.1) lib/rails/rack/logger.rb:36:in `call_app'
railties (5.0.1) lib/rails/rack/logger.rb:24:in `block in call'
activesupport (5.0.1) lib/active_support/tagged_logging.rb:69:in `block in tagged'
activesupport (5.0.1) lib/active_support/tagged_logging.rb:26:in `tagged'
activesupport (5.0.1) lib/active_support/tagged_logging.rb:69:in `tagged'
railties (5.0.1) lib/rails/rack/logger.rb:24:in `call'
actionpack (5.0.1) lib/action_dispatch/middleware/request_id.rb:24:in `call'
rack (2.0.1) lib/rack/method_override.rb:22:in `call'
rack (2.0.1) lib/rack/runtime.rb:22:in `call'
activesupport (5.0.1) lib/active_support/cache/strategy/local_cache_middleware.rb:28:in `call'
actionpack (5.0.1) lib/action_dispatch/middleware/executor.rb:12:in `call'
actionpack (5.0.1) lib/action_dispatch/middleware/static.rb:136:in `call'
rack (2.0.1) lib/rack/sendfile.rb:111:in `call'
railties (5.0.1) lib/rails/engine.rb:522:in `call'
rack (2.0.1) lib/rack/handler/webrick.rb:86:in `service'
/Users/honda-takatomo/.rbenv/versions/2.2.5/lib/ruby/2.2.0/webrick/httpserver.rb:138:in `service'
/Users/honda-takatomo/.rbenv/versions/2.2.5/lib/ruby/2.2.0/webrick/httpserver.rb:94:in `run'
/Users/honda-takatomo/.rbenv/versions/2.2.5/lib/ruby/2.2.0/webrick/server.rb:294:in `block in start_thread'
  Rendering /Users/honda-takatomo/.rbenv/versions/2.2.5/lib/ruby/gems/2.2.0/gems/actionpack-5.0.1/lib/action_dispatch/middleware/templates/rescues/routing_error.html.erb within rescues/layout
  Rendering /Users/honda-takatomo/.rbenv/versions/2.2.5/lib/ruby/gems/2.2.0/gems/actionpack-5.0.1/lib/action_dispatch/middleware/templates/rescues/_trace.html.erb
  Rendered /Users/honda-takatomo/.rbenv/versions/2.2.5/lib/ruby/gems/2.2.0/gems/actionpack-5.0.1/lib/action_dispatch/middleware/templates/rescues/_trace.html.erb (1.7ms)
  Rendered collection of /Users/honda-takatomo/.rbenv/versions/2.2.5/lib/ruby/gems/2.2.0/gems/actionpack-5.0.1/lib/action_dispatch/middleware/templates/routes/_route.html.erb [35 times] (16.6ms)
  Rendered /Users/honda-takatomo/.rbenv/versions/2.2.5/lib/ruby/gems/2.2.0/gems/actionpack-5.0.1/lib/action_dispatch/middleware/templates/routes/_table.html.erb (2.9ms)
  Rendering /Users/honda-takatomo/.rbenv/versions/2.2.5/lib/ruby/gems/2.2.0/gems/actionpack-5.0.1/lib/action_dispatch/middleware/templates/rescues/_request_and_response.html.erb
  Rendered /Users/honda-takatomo/.rbenv/versions/2.2.5/lib/ruby/gems/2.2.0/gems/actionpack-5.0.1/lib/action_dispatch/middleware/templates/rescues/_request_and_response.html.erb (1.1ms)
  Rendered /Users/honda-takatomo/.rbenv/versions/2.2.5/lib/ruby/gems/2.2.0/gems/actionpack-5.0.1/lib/action_dispatch/middleware/templates/rescues/routing_error.html.erb within rescues/layout (138.2ms)
DEPRECATION WARNING: Accessing mime types via constants is deprecated. Please change `Mime::HTML` to `Mime[:html]`. (called from acceptable_content_type? at /Users/honda-takatomo/.rbenv/versions/2.2.5/lib/ruby/gems/2.2.0/gems/web-console-2.3.0/lib/web_console/middleware.rb:58)
  Rendering /Users/honda-takatomo/.rbenv/versions/2.2.5/lib/ruby/gems/2.2.0/gems/web-console-2.3.0/lib/web_console/templates/index.html.erb
  Rendered /Users/honda-takatomo/.rbenv/versions/2.2.5/lib/ruby/gems/2.2.0/gems/web-console-2.3.0/lib/web_console/templates/_markup.html.erb (0.8ms)
  Rendering /Users/honda-takatomo/.rbenv/versions/2.2.5/lib/ruby/gems/2.2.0/gems/web-console-2.3.0/lib/web_console/templates/console.js.erb within layouts/javascript
  Rendering /Users/honda-takatomo/.rbenv/versions/2.2.5/lib/ruby/gems/2.2.0/gems/web-console-2.3.0/lib/web_console/templates/_inner_console_markup.html.erb within layouts/inlined_string
  Rendered /Users/honda-takatomo/.rbenv/versions/2.2.5/lib/ruby/gems/2.2.0/gems/web-console-2.3.0/lib/web_console/templates/_inner_console_markup.html.erb within layouts/inlined_string (0.5ms)
  Rendering /Users/honda-takatomo/.rbenv/versions/2.2.5/lib/ruby/gems/2.2.0/gems/web-console-2.3.0/lib/web_console/templates/_prompt_box_markup.html.erb within layouts/inlined_string
  Rendered /Users/honda-takatomo/.rbenv/versions/2.2.5/lib/ruby/gems/2.2.0/gems/web-console-2.3.0/lib/web_console/templates/_prompt_box_markup.html.erb within layouts/inlined_string (0.4ms)
  Rendering /Users/honda-takatomo/.rbenv/versions/2.2.5/lib/ruby/gems/2.2.0/gems/web-console-2.3.0/lib/web_console/templates/style.css.erb within layouts/inlined_string
  Rendered /Users/honda-takatomo/.rbenv/versions/2.2.5/lib/ruby/gems/2.2.0/gems/web-console-2.3.0/lib/web_console/templates/style.css.erb within layouts/inlined_string (0.5ms)
DEPRECATION WARNING: Accessing mime types via constants is deprecated. Please change `Mime::WEB_CONSOLE_V2` to `Mime[:web_console_v2]`. (called from ___sers_honda_takatomo__rbenv_versions_______lib_ruby_gems_______gems_web_console_______lib_web_console_templates_console_js_erb__2456214652095519203_70254843088900 at /Users/honda-takatomo/.rbenv/versions/2.2.5/lib/ruby/gems/2.2.0/gems/web-console-2.3.0/lib/web_console/templates/console.js.erb:491)
  Rendered /Users/honda-takatomo/.rbenv/versions/2.2.5/lib/ruby/gems/2.2.0/gems/web-console-2.3.0/lib/web_console/templates/console.js.erb within layouts/javascript (89.3ms)
  Rendering /Users/honda-takatomo/.rbenv/versions/2.2.5/lib/ruby/gems/2.2.0/gems/web-console-2.3.0/lib/web_console/templates/main.js.erb within layouts/javascript
  Rendered /Users/honda-takatomo/.rbenv/versions/2.2.5/lib/ruby/gems/2.2.0/gems/web-console-2.3.0/lib/web_console/templates/main.js.erb within layouts/javascript (0.4ms)
  Rendering /Users/honda-takatomo/.rbenv/versions/2.2.5/lib/ruby/gems/2.2.0/gems/web-console-2.3.0/lib/web_console/templates/error_page.js.erb within layouts/javascript
  Rendered /Users/honda-takatomo/.rbenv/versions/2.2.5/lib/ruby/gems/2.2.0/gems/web-console-2.3.0/lib/web_console/templates/error_page.js.erb within layouts/javascript (0.4ms)
  Rendered /Users/honda-takatomo/.rbenv/versions/2.2.5/lib/ruby/gems/2.2.0/gems/web-console-2.3.0/lib/web_console/templates/index.html.erb (188.0ms)
Started GET "/" for ::1 at 2017-01-06 16:00:37 +0900
Processing by WelcomeController#index as HTML
  Rendering welcome/index.html.erb within layouts/application
  Rendered welcome/index.html.erb within layouts/application (0.3ms)
  [1m[36mUser Load (0.2ms)[0m  [1m[34mSELECT  "users".* FROM "users" WHERE "users"."id" = ? ORDER BY "users"."id" ASC LIMIT ?[0m  [["id", 1], ["LIMIT", 1]]
Completed 200 OK in 30ms (Views: 27.5ms | ActiveRecord: 0.2ms)


Started GET "/api/index" for ::1 at 2017-01-06 16:00:46 +0900
Processing by ApiController#index as HTML
Filter chain halted as :doorkeeper_authorize! rendered or redirected
Completed 401 Unauthorized in 1ms (ActiveRecord: 0.0ms)


Started GET "/api/index" for ::1 at 2017-01-06 16:01:05 +0900
Processing by ApiController#index as */*
  [1m[36mDoorkeeper::AccessToken Load (0.2ms)[0m  [1m[34mSELECT  "oauth_access_tokens".* FROM "oauth_access_tokens" WHERE "oauth_access_tokens"."token" = ? LIMIT ?[0m  [["token", "2d1a69418f627ef397285c8a7bf2877e66c4febf709e09fbc958ec3b08b1430e"], ["LIMIT", 1]]
  [1m[36mDoorkeeper::AccessToken Load (0.1ms)[0m  [1m[34mSELECT  "oauth_access_tokens".* FROM "oauth_access_tokens" WHERE "oauth_access_tokens"."refresh_token" = ? LIMIT ?[0m  [["refresh_token", ""], ["LIMIT", 1]]
Completed 200 OK in 3ms (Views: 0.2ms | ActiveRecord: 0.3ms)


Started GET "/api/index" for ::1 at 2017-01-06 16:01:50 +0900
Processing by ApiController#index as */*
  [1m[36mDoorkeeper::AccessToken Load (0.2ms)[0m  [1m[34mSELECT  "oauth_access_tokens".* FROM "oauth_access_tokens" WHERE "oauth_access_tokens"."token" = ? LIMIT ?[0m  [["token", "2d1a69418f627ef397285c8a7bf2877e66c4febf709e09fbc958ec3b08b1430"], ["LIMIT", 1]]
  [1m[36mCACHE (0.0ms)[0m  [1m[34mSELECT  "oauth_access_tokens".* FROM "oauth_access_tokens" WHERE "oauth_access_tokens"."token" = ? LIMIT ?[0m  [["token", "2d1a69418f627ef397285c8a7bf2877e66c4febf709e09fbc958ec3b08b1430"], ["LIMIT", 1]]
  [1m[36mCACHE (0.0ms)[0m  [1m[34mSELECT  "oauth_access_tokens".* FROM "oauth_access_tokens" WHERE "oauth_access_tokens"."token" = ? LIMIT ?[0m  [["token", "2d1a69418f627ef397285c8a7bf2877e66c4febf709e09fbc958ec3b08b1430"], ["LIMIT", 1]]
  [1m[36mCACHE (0.0ms)[0m  [1m[34mSELECT  "oauth_access_tokens".* FROM "oauth_access_tokens" WHERE "oauth_access_tokens"."token" = ? LIMIT ?[0m  [["token", "2d1a69418f627ef397285c8a7bf2877e66c4febf709e09fbc958ec3b08b1430"], ["LIMIT", 1]]
Filter chain halted as :doorkeeper_authorize! rendered or redirected
Completed 401 Unauthorized in 3ms (ActiveRecord: 0.2ms)


DEPRECATION WARNING: ActiveRecord::Base.raise_in_transactional_callbacks= is deprecated, has no effect and will be removed without replacement. (called from <top (required)> at /Users/honda-takatomo/private/oauth-api-server/config/initializers/doorkeeper.rb:1)
DEPRECATION WARNING: ActiveRecord::Base.raise_in_transactional_callbacks= is deprecated, has no effect and will be removed without replacement. (called from <top (required)> at /Users/honda-takatomo/private/oauth-api-server/config/initializers/doorkeeper.rb:1)
Started GET "/api/user" for ::1 at 2017-01-06 16:10:36 +0900
  [1m[36mActiveRecord::SchemaMigration Load (0.1ms)[0m  [1m[34mSELECT "schema_migrations".* FROM "schema_migrations"[0m
DEPRECATION WARNING: before_filter is deprecated and will be removed in Rails 5.1. Use before_action instead. (called from <class:ApiController> at /Users/honda-takatomo/private/oauth-api-server/app/controllers/api_controller.rb:3)
Processing by ApiController#user as */*
  [1m[36mDoorkeeper::AccessToken Load (0.2ms)[0m  [1m[34mSELECT  "oauth_access_tokens".* FROM "oauth_access_tokens" WHERE "oauth_access_tokens"."token" = ? LIMIT ?[0m  [["token", "2d1a69418f627ef397285c8a7bf2877e66c4febf709e09fbc958ec3b08b1430"], ["LIMIT", 1]]
  [1m[36mCACHE (0.0ms)[0m  [1m[34mSELECT  "oauth_access_tokens".* FROM "oauth_access_tokens" WHERE "oauth_access_tokens"."token" = ? LIMIT ?[0m  [["token", "2d1a69418f627ef397285c8a7bf2877e66c4febf709e09fbc958ec3b08b1430"], ["LIMIT", 1]]
  [1m[36mCACHE (0.0ms)[0m  [1m[34mSELECT  "oauth_access_tokens".* FROM "oauth_access_tokens" WHERE "oauth_access_tokens"."token" = ? LIMIT ?[0m  [["token", "2d1a69418f627ef397285c8a7bf2877e66c4febf709e09fbc958ec3b08b1430"], ["LIMIT", 1]]
  [1m[36mCACHE (0.0ms)[0m  [1m[34mSELECT  "oauth_access_tokens".* FROM "oauth_access_tokens" WHERE "oauth_access_tokens"."token" = ? LIMIT ?[0m  [["token", "2d1a69418f627ef397285c8a7bf2877e66c4febf709e09fbc958ec3b08b1430"], ["LIMIT", 1]]
Filter chain halted as :doorkeeper_authorize! rendered or redirected
Completed 401 Unauthorized in 27ms (ActiveRecord: 0.6ms)


Started GET "/oauth/applications/1" for ::1 at 2017-01-06 16:10:49 +0900
Processing by Doorkeeper::ApplicationsController#show as HTML
  Parameters: {"id"=>"1"}
  [1m[36mDoorkeeper::Application Load (0.1ms)[0m  [1m[34mSELECT  "oauth_applications".* FROM "oauth_applications" WHERE "oauth_applications"."id" = ? LIMIT ?[0m  [["id", 1], ["LIMIT", 1]]
  Rendering /Users/honda-takatomo/.rbenv/versions/2.2.5/lib/ruby/gems/2.2.0/gems/doorkeeper-4.2.0/app/views/doorkeeper/applications/show.html.erb within layouts/doorkeeper/admin
  Rendered /Users/honda-takatomo/.rbenv/versions/2.2.5/lib/ruby/gems/2.2.0/gems/doorkeeper-4.2.0/app/views/doorkeeper/applications/_delete_form.html.erb (0.9ms)
  Rendered /Users/honda-takatomo/.rbenv/versions/2.2.5/lib/ruby/gems/2.2.0/gems/doorkeeper-4.2.0/app/views/doorkeeper/applications/show.html.erb within layouts/doorkeeper/admin (9.9ms)
Completed 200 OK in 229ms (Views: 219.4ms | ActiveRecord: 0.7ms)


Started GET "/oauth/authorize?client_id=d6da6ee768631ade98798d9fcc632621acb20e418c46c5bbd7d36f22c4874371&redirect_uri=http%3A%2F%2Fwww.yahoo.co.jp%2F&response_type=code&scope=info" for ::1 at 2017-01-06 16:10:51 +0900
Processing by Doorkeeper::AuthorizationsController#new as HTML
  Parameters: {"client_id"=>"d6da6ee768631ade98798d9fcc632621acb20e418c46c5bbd7d36f22c4874371", "redirect_uri"=>"http://www.yahoo.co.jp/", "response_type"=>"code", "scope"=>"info"}
  [1m[36mUser Load (0.3ms)[0m  [1m[34mSELECT  "users".* FROM "users" WHERE "users"."id" = ? ORDER BY "users"."id" ASC LIMIT ?[0m  [["id", 1], ["LIMIT", 1]]
  [1m[36mDoorkeeper::Application Load (0.4ms)[0m  [1m[34mSELECT  "oauth_applications".* FROM "oauth_applications" WHERE "oauth_applications"."uid" = ? LIMIT ?[0m  [["uid", "d6da6ee768631ade98798d9fcc632621acb20e418c46c5bbd7d36f22c4874371"], ["LIMIT", 1]]
  [1m[36mDoorkeeper::AccessToken Load (1.4ms)[0m  [1m[34mSELECT  "oauth_access_tokens".* FROM "oauth_access_tokens" WHERE "oauth_access_tokens"."application_id" = ? AND "oauth_access_tokens"."resource_owner_id" = ? AND "oauth_access_tokens"."revoked_at" IS NULL ORDER BY created_at desc LIMIT ?[0m  [["application_id", 1], ["resource_owner_id", 1], ["LIMIT", 1]]
  [1m[35m (0.2ms)[0m  [1m[36mbegin transaction[0m
  [1m[36mDoorkeeper::AccessGrant Exists (0.4ms)[0m  [1m[34mSELECT  1 AS one FROM "oauth_access_grants" WHERE "oauth_access_grants"."token" = ? LIMIT ?[0m  [["token", "f3a9d29ac91ff72bf94bac070960b0c8d48cced410fa1edc58a31e5fe9c4bb76"], ["LIMIT", 1]]
  [1m[35mSQL (0.4ms)[0m  [1m[32mINSERT INTO "oauth_access_grants" ("resource_owner_id", "application_id", "token", "expires_in", "redirect_uri", "created_at", "scopes") VALUES (?, ?, ?, ?, ?, ?, ?)[0m  [["resource_owner_id", 1], ["application_id", 1], ["token", "f3a9d29ac91ff72bf94bac070960b0c8d48cced410fa1edc58a31e5fe9c4bb76"], ["expires_in", 600], ["redirect_uri", "http://www.yahoo.co.jp/"], ["created_at", 2017-01-06 07:10:51 UTC], ["scopes", "info"]]
  [1m[35m (0.7ms)[0m  [1m[36mcommit transaction[0m
Redirected to http://www.yahoo.co.jp/?code=f3a9d29ac91ff72bf94bac070960b0c8d48cced410fa1edc58a31e5fe9c4bb76
Completed 302 Found in 69ms (ActiveRecord: 9.1ms)


Started POST "/oauth/token" for ::1 at 2017-01-06 16:11:17 +0900
Processing by Doorkeeper::TokensController#create as */*
  Parameters: {"grant_type"=>"authorization_code", "client_id"=>"d6da6ee768631ade98798d9fcc632621acb20e418c46c5bbd7d36f22c4874371", "client_secret"=>"[FILTERED]", "code"=>"[FILTERED]", "redirect_uri"=>"http://www.yahoo.co.jp/", "scope"=>"info"}
  [1m[36mDoorkeeper::AccessGrant Load (0.2ms)[0m  [1m[34mSELECT  "oauth_access_grants".* FROM "oauth_access_grants" WHERE "oauth_access_grants"."token" = ? LIMIT ?[0m  [["token", "f3a9d29ac91ff72bf94bac070960b0c8d48cced410fa1edc58a31e5fe9c4bb76"], ["LIMIT", 1]]
  [1m[36mDoorkeeper::Application Load (0.2ms)[0m  [1m[34mSELECT  "oauth_applications".* FROM "oauth_applications" WHERE "oauth_applications"."uid" = ? AND "oauth_applications"."secret" = ? LIMIT ?[0m  [["uid", "d6da6ee768631ade98798d9fcc632621acb20e418c46c5bbd7d36f22c4874371"], ["secret", "c1c89bcd048923bac21820f7e3653de756b5ba58e94875be2d12db97adfd4274"], ["LIMIT", 1]]
  [1m[35m (0.1ms)[0m  [1m[36mbegin transaction[0m
  [1m[36mDoorkeeper::AccessGrant Load (0.1ms)[0m  [1m[34mSELECT  "oauth_access_grants".* FROM "oauth_access_grants" WHERE "oauth_access_grants"."id" = ? LIMIT ? [0m  [["id", 2], ["LIMIT", 1]]
  [1m[35mSQL (0.3ms)[0m  [1m[33mUPDATE "oauth_access_grants" SET "revoked_at" = ? WHERE "oauth_access_grants"."id" = ?[0m  [["revoked_at", 2017-01-06 07:11:17 UTC], ["id", 2]]
  [1m[36mDoorkeeper::Application Load (0.1ms)[0m  [1m[34mSELECT  "oauth_applications".* FROM "oauth_applications" WHERE "oauth_applications"."id" = ? LIMIT ?[0m  [["id", 1], ["LIMIT", 1]]
  [1m[36mCACHE (0.0ms)[0m  [1m[34mSELECT  "oauth_applications".* FROM "oauth_applications" WHERE "oauth_applications"."id" = ? LIMIT ?[0m  [["id", 1], ["LIMIT", 1]]
  [1m[36mDoorkeeper::AccessToken Exists (0.1ms)[0m  [1m[34mSELECT  1 AS one FROM "oauth_access_tokens" WHERE "oauth_access_tokens"."token" = ? LIMIT ?[0m  [["token", "142107ad12a550595faca319491921d7b358df4e9edddd87ee46a193c7c09f97"], ["LIMIT", 1]]
  [1m[35mSQL (0.2ms)[0m  [1m[32mINSERT INTO "oauth_access_tokens" ("resource_owner_id", "application_id", "token", "expires_in", "created_at", "scopes") VALUES (?, ?, ?, ?, ?, ?)[0m  [["resource_owner_id", 1], ["application_id", 1], ["token", "142107ad12a550595faca319491921d7b358df4e9edddd87ee46a193c7c09f97"], ["expires_in", 7200], ["created_at", 2017-01-06 07:11:17 UTC], ["scopes", "info"]]
  [1m[35m (0.9ms)[0m  [1m[36mcommit transaction[0m
Completed 200 OK in 29ms


Started GET "/api/user" for ::1 at 2017-01-06 16:11:35 +0900
Processing by ApiController#user as */*
  [1m[36mDoorkeeper::AccessToken Load (0.1ms)[0m  [1m[34mSELECT  "oauth_access_tokens".* FROM "oauth_access_tokens" WHERE "oauth_access_tokens"."token" = ? LIMIT ?[0m  [["token", "142107ad12a550595faca319491921d7b358df4e9edddd87ee46a193c7c09f97"], ["LIMIT", 1]]
  [1m[36mDoorkeeper::AccessToken Load (0.2ms)[0m  [1m[34mSELECT  "oauth_access_tokens".* FROM "oauth_access_tokens" WHERE "oauth_access_tokens"."refresh_token" = ? LIMIT ?[0m  [["refresh_token", ""], ["LIMIT", 1]]
  [1m[36mUser Load (0.2ms)[0m  [1m[34mSELECT  "users".* FROM "users" WHERE "users"."id" = ? LIMIT ?[0m  [["id", 1], ["LIMIT", 1]]
  [1m[35m (0.0ms)[0m  [1m[36mbegin transaction[0m
  [1m[35mSQL (0.3ms)[0m  [1m[33mUPDATE "users" SET "current_sign_in_at" = ?, "last_sign_in_at" = ?, "sign_in_count" = ?, "updated_at" = ? WHERE "users"."id" = ?[0m  [["current_sign_in_at", 2017-01-06 07:11:35 UTC], ["last_sign_in_at", 2017-01-06 06:40:07 UTC], ["sign_in_count", 4], ["updated_at", 2017-01-06 07:11:35 UTC], ["id", 1]]
  [1m[35m (1.6ms)[0m  [1m[36mcommit transaction[0m
Completed 200 OK in 8ms (Views: 0.5ms | ActiveRecord: 2.5ms)


